<?xml version="1.0" encoding="UTF-8"?>
<!-- Generated by org.testng.reporters.JUnitReportReporter -->
<testsuite hostname="LAPTOP-B7CMQL91" failures="0" tests="1" name="SingUpTest" time="19.057" errors="0" timestamp="2022-06-22T23:07:07 MSK" skipped="0">
  <testcase classname="SingUpTest" name="zipCodeTest" time="19.057"/>
  <system-out/>
</testsuite> <!-- SingUpTest -->
